Document name: "main_document"
Number of Paragraphs: 2
The CS dept offers
several courses every 
semester.

Several classes are offered 
every semester. Among them we
can name cmsc131, cmsc132,
cmsc216.
Document name: "main_document"
Number of Paragraphs: 2
The CS dept offers
several courses every 
semester.

Several classes are offered 
every semester. Among them we
can name [cmsc]131, [cmsc]132,
[cmsc]216.
***** SAVED FILE *****
The CS dept offers
several courses every 
semester.

Several classes are offered 
every semester. Among them we
can name [cmsc]131, [cmsc]132,
[cmsc]216.
